<testsuite name="Mocha Tests" tests="1" failures="1" errors="1" skipped="0" timestamp="Mon, 16 Mar 2015 14:59:49 GMT" time="0.022">
<testcase classname="GET /" name="respond with hello jenkins" time="0.019" message="expected 'hello jenkins' response body, got 'hello world'"><failure classname="GET /" name="respond with hello jenkins" time="0.019" message="expected 'hello jenkins' response body, got 'hello world'"><![CDATA[Error: expected 'hello jenkins' response body, got 'hello world'
    at error (C:\Users\Administrator\hello-jenkins\node_modules\supertest\lib\test.js:235:13)
    at Test.assert (C:\Users\Administrator\hello-jenkins\node_modules\supertest\lib\test.js:180:21)
    at Server.assert (C:\Users\Administrator\hello-jenkins\node_modules\supertest\lib\test.js:132:12)
    at Server.g (events.js:180:16)
    at Server.emit (events.js:92:17)
    at net.js:1277:10
    at process._tickCallback (node.js:442:13)]]></failure></testcase>
</testsuite>
